<?xml version="1.0" encoding="UTF-8"?>
<!-- Generated by org.testng.reporters.JUnitXMLReporter -->
<testsuite ignored="0" hostname="DESKTOP-VJS669Q" failures="1" tests="1" name="Test2" time="0.065" errors="0" timestamp="2023-09-22T22:29:00 IST">
  <testcase classname="assignment.cross_browser" name="tc" time="0.0">
    <failure type="org.testng.TestNGException" message="
Parameter &amp;apos;browser&amp;apos; is required by @Test on method tc but has not been marked @Optional or defined
in C:\Users\DELL\eclipse-workspace\ABC\multib.xml">
      <![CDATA[org.testng.TestNGException: 
Parameter 'browser' is required by @Test on method tc but has not been marked @Optional or defined
in C:\Users\DELL\eclipse-workspace\ABC\multib.xml
at java.base/java.util.ArrayList.forEach(ArrayList.java:1511)
at java.base/java.util.concurrent.FutureTask.run(FutureTask.java:317)
at java.base/java.util.concurrent.ThreadPoolExecutor.runWorker(ThreadPoolExecutor.java:1144)
at java.base/java.util.concurrent.ThreadPoolExecutor$Worker.run(ThreadPoolExecutor.java:642)
at java.base/java.lang.Thread.run(Thread.java:1623)
... Removed 17 stack frames]]>
    </failure>
  </testcase> <!-- tc -->
</testsuite> <!-- Test2 -->
